\BOOKMARK [0][-]{chapter.1}{Introducci\363, motivacions, prop\362sit i objectius}{}% 1
\BOOKMARK [1][-]{section.1.1}{Grup de recerca L\362gica i Programaci\363}{chapter.1}% 2
\BOOKMARK [0][-]{chapter.2}{Estudi de viabilitat}{}% 3
\BOOKMARK [0][-]{chapter.3}{Metodologia i Planificaci\363}{}% 4
\BOOKMARK [1][-]{section.3.1}{Metodologia}{chapter.3}% 5
\BOOKMARK [1][-]{section.3.2}{Planificaci\363}{chapter.3}% 6
\BOOKMARK [0][-]{chapter.4}{Marc de treball i conceptes previs}{}% 7
\BOOKMARK [1][-]{section.4.1}{Definici\363 del problema}{chapter.4}% 8
\BOOKMARK [1][-]{section.4.2}{Format XHSTT}{chapter.4}% 9
\BOOKMARK [1][-]{section.4.3}{Cardinality encodings}{chapter.4}% 10
\BOOKMARK [1][-]{section.4.4}{Estat de l'art}{chapter.4}% 11
\BOOKMARK [0][-]{chapter.5}{Requisits del sistema}{}% 12
\BOOKMARK [0][-]{chapter.6}{Estudis i decisions}{}% 13
\BOOKMARK [1][-]{section.6.1}{Programari utilitzat}{chapter.6}% 14
\BOOKMARK [1][-]{section.6.2}{Maquinari utilitzat}{chapter.6}% 15
\BOOKMARK [0][-]{chapter.7}{An\340lisis i disseny del sistema}{}% 16
\BOOKMARK [1][-]{section.7.1}{An\340lisis}{chapter.7}% 17
\BOOKMARK [2][-]{subsection.7.1.1}{Necessitats del sistema}{section.7.1}% 18
\BOOKMARK [2][-]{subsection.7.1.2}{An\340lisis de processos}{section.7.1}% 19
\BOOKMARK [1][-]{section.7.2}{Disseny}{chapter.7}% 20
\BOOKMARK [1][-]{section.7.3}{Interf\355cies d'usuari}{chapter.7}% 21
\BOOKMARK [1][-]{section.7.4}{Model de dades}{chapter.7}% 22
\BOOKMARK [1][-]{section.7.5}{Model d'objectes}{chapter.7}% 23
\BOOKMARK [0][-]{chapter.8}{Implementaci\363 i proves}{}% 24
\BOOKMARK [0][-]{chapter.9}{Implantaci\363 i resultats}{}% 25
\BOOKMARK [0][-]{chapter.10}{Conclusions}{}% 26
\BOOKMARK [0][-]{chapter.11}{Treball futur}{}% 27
\BOOKMARK [0][-]{chapter.12}{Bibliografia}{}% 28
\BOOKMARK [0][-]{chapter.13}{Manual d'usuari i insta.laci\363}{}% 29
